<?xml version="1.0" encoding="UTF-8"?>
<!-- Generated by org.testng.reporters.JUnitReportReporter -->
<testsuite hostname="LAPTOP-BSQAQF5S" name="com.automationbykrishna.WebTablesTest" tests="1" failures="0" timestamp="5 Dec 2018 20:11:28 GMT" time="35.741" errors="0">
  <testcase name="Example" time="35.741" classname="com.automationbykrishna.WebTablesTest"/>
</testsuite> <!-- com.automationbykrishna.WebTablesTest -->
